<?xml version="1.0" encoding="UTF-8"?>
<!-- Generated by org.testng.reporters.JUnitXMLReporter -->
<testsuite ignored="0" hostname="DESKTOP-MNSU8OR" failures="0" tests="2" name="Default test" time="3.31" errors="0" timestamp="2025-04-16T11:55:17 IST">
  <testcase classname="com.ninja.hrm.projectTest.ProjectTest" name="addSingleProjectWithCreated" time="3.167"/>
  <testcase classname="com.ninja.hrm.projectTest.ProjectTest" name="craeteDuplicateProjectTest" time="0.057"/>
</testsuite> <!-- Default test -->
