<?xml version="1.0" encoding="UTF-8"?>
<!-- Generated by org.testng.reporters.JUnitXMLReporter -->
<testsuite ignored="2" hostname="DESKTOP-MNSU8OR" failures="0" tests="4" name="Test" time="4.665" errors="0" timestamp="2025-04-16T11:58:12 IST">
  <testcase classname="com.ninja_hrm_employeeTest.EmployeeTest" name="addEmployeeWithoutMail" time="1.879"/>
  <testcase classname="com.ninja_hrm_employeeTest.EmployeeTest" name="addEmpolyee" time="1.619"/>
  <testcase classname="com.ninja.hrm.projectTest.ProjectTest" name="addSingleProjectWithCreated" time="1.046"/>
  <testcase classname="com.ninja.hrm.projectTest.ProjectTest" name="craeteDuplicateProjectTest" time="0.037"/>
  <testcase classname="com.ninza.hrm.baseClassUtility.BaseAPIClass" name="@BeforeSuite configBS" time="0.0">
    <ignored/>
  </testcase> <!-- @BeforeSuite configBS -->
  <testcase classname="com.ninza.hrm.baseClassUtility.BaseAPIClass" name="@AfterSuite configAS" time="0.0">
    <ignored/>
  </testcase> <!-- @AfterSuite configAS -->
</testsuite> <!-- Test -->
