<?xml version="1.0" encoding="UTF-8"?>
<testng-results ignored="0" total="1" passed="1" failed="0" skipped="0">
  <reporter-output>
  </reporter-output>
  <suite started-at="2025-04-17T13:12:56 IST" name="Default suite" finished-at="2025-04-17T13:12:56 IST" duration-ms="106">
    <groups>
    </groups>
    <test started-at="2025-04-17T13:12:56 IST" name="Default test" finished-at="2025-04-17T13:12:56 IST" duration-ms="106">
      <class name="NinzaTask.sampleTest">
        <test-method signature="exampleTEst()[pri:0, instance:NinzaTask.sampleTest@1c1bbc4e]" started-at="2025-04-17T13:12:56 IST" name="exampleTEst" finished-at="2025-04-17T13:12:56 IST" duration-ms="17" status="PASS">
          <reporter-output>
          </reporter-output>
        </test-method> <!-- exampleTEst -->
      </class> <!-- NinzaTask.sampleTest -->
    </test> <!-- Default test -->
  </suite> <!-- Default suite -->
</testng-results>
